Determining if the pthread_create exist failed with the following output:
Change Dir: /home/steve/Desktop/Othello/cmake-build-debug/CMakeFiles/CMakeTmp

Run Build Command:"/usr/bin/make" "cmTC_6dba4/fast"
/usr/bin/make -f CMakeFiles/cmTC_6dba4.dir/build.make CMakeFiles/cmTC_6dba4.dir/build
make[1]: Entering directory '/home/steve/Desktop/Othello/cmake-build-debug/CMakeFiles/CMakeTmp'
Building C object CMakeFiles/cmTC_6dba4.dir/CheckSymbolExists.c.o
/usr/bin/cc    -o CMakeFiles/cmTC_6dba4.dir/CheckSymbolExists.c.o   -c /home/steve/Desktop/Othello/cmake-build-debug/CMakeFiles/CMakeTmp/CheckSymbolExists.c
Linking C executable cmTC_6dba4
/home/steve/Downloads/clion-2017.2.3/bin/cmake/bin/cmake -E cmake_link_script CMakeFiles/cmTC_6dba4.dir/link.txt --verbose=1
/usr/bin/cc      -rdynamic CMakeFiles/cmTC_6dba4.dir/CheckSymbolExists.c.o  -o cmTC_6dba4 
CMakeFiles/cmTC_6dba4.dir/CheckSymbolExists.c.o: In function `main':
CheckSymbolExists.c:(.text+0x16): undefined reference to `pthread_create'
collect2: error: ld returned 1 exit status
CMakeFiles/cmTC_6dba4.dir/build.make:97: recipe for target 'cmTC_6dba4' failed
make[1]: *** [cmTC_6dba4] Error 1
make[1]: Leaving directory '/home/steve/Desktop/Othello/cmake-build-debug/CMakeFiles/CMakeTmp'
Makefile:126: recipe for target 'cmTC_6dba4/fast' failed
make: *** [cmTC_6dba4/fast] Error 2

File /home/steve/Desktop/Othello/cmake-build-debug/CMakeFiles/CMakeTmp/CheckSymbolExists.c:
/* */
#include <pthread.h>

int main(int argc, char** argv)
{
  (void)argv;
#ifndef pthread_create
  return ((int*)(&pthread_create))[argc];
#else
  (void)argc;
  return 0;
#endif
}

Determining if the function pthread_create exists in the pthreads failed with the following output:
Change Dir: /home/steve/Desktop/Othello/cmake-build-debug/CMakeFiles/CMakeTmp

Run Build Command:"/usr/bin/make" "cmTC_c3fb7/fast"
/usr/bin/make -f CMakeFiles/cmTC_c3fb7.dir/build.make CMakeFiles/cmTC_c3fb7.dir/build
make[1]: Entering directory '/home/steve/Desktop/Othello/cmake-build-debug/CMakeFiles/CMakeTmp'
Building C object CMakeFiles/cmTC_c3fb7.dir/CheckFunctionExists.c.o
/usr/bin/cc   -DCHECK_FUNCTION_EXISTS=pthread_create   -o CMakeFiles/cmTC_c3fb7.dir/CheckFunctionExists.c.o   -c /home/steve/Downloads/clion-2017.2.3/bin/cmake/share/cmake-3.8/Modules/CheckFunctionExists.c
Linking C executable cmTC_c3fb7
/home/steve/Downloads/clion-2017.2.3/bin/cmake/bin/cmake -E cmake_link_script CMakeFiles/cmTC_c3fb7.dir/link.txt --verbose=1
/usr/bin/cc  -DCHECK_FUNCTION_EXISTS=pthread_create    -rdynamic CMakeFiles/cmTC_c3fb7.dir/CheckFunctionExists.c.o  -o cmTC_c3fb7 -lpthreads 
/usr/bin/ld: cannot find -lpthreads
collect2: error: ld returned 1 exit status
CMakeFiles/cmTC_c3fb7.dir/build.make:97: recipe for target 'cmTC_c3fb7' failed
make[1]: *** [cmTC_c3fb7] Error 1
make[1]: Leaving directory '/home/steve/Desktop/Othello/cmake-build-debug/CMakeFiles/CMakeTmp'
Makefile:126: recipe for target 'cmTC_c3fb7/fast' failed
make: *** [cmTC_c3fb7/fast] Error 2


